<?xml version="1.0" encoding="UTF-8"?>
<!-- Generated by org.testng.reporters.JUnitReportReporter -->
<testsuite hostname="DESKTOP-53K45SR" name="DDF.DDF1.LoginTest" tests="1" failures="0" timestamp="4 Jan 2018 10:55:02 GMT" time="52.668" errors="0">
  <testcase name="f" time="52.668" classname="DDF.DDF1.LoginTest"/>
</testsuite> <!-- DDF.DDF1.LoginTest -->
